<?xml version="1.0" encoding="UTF-8"?>
<!-- Generated by org.testng.reporters.JUnitXMLReporter -->
<testsuite ignored="0" hostname="VIJAY-PC" failures="0" tests="2" name="BankingApp Test" time="61.915" errors="0" timestamp="03 Jun 2022 11:48:07 GMT">
  <testcase classname="com.inetbanking.testCases.TC1_LoginTest_001" name="LoginTest" time="3.604"/>
  <testcase classname="com.inetbanking.testCases.TC_AddCustomerTest_003" name="addNewCustomer" time="24.438"/>
</testsuite> <!-- BankingApp Test -->
