<?xml version="1.0" encoding="UTF-8"?>
<testng-results ignored="0" total="2" passed="2" failed="0" skipped="0">
  <reporter-output>
  </reporter-output>
  <suite started-at="2022-06-03T11:47:05Z" name="InetBankingV1" finished-at="2022-06-03T11:48:07Z" duration-ms="61915">
    <groups>
    </groups>
    <test started-at="2022-06-03T11:47:05Z" name="BankingApp Test" finished-at="2022-06-03T11:48:07Z" duration-ms="61915">
      <class name="com.inetbanking.testCases.TC1_LoginTest_001">
        <test-method is-config="true" signature="setup(java.lang.String)[pri:0, instance:com.inetbanking.testCases.TC1_LoginTest_001@351d00c0]" started-at="2022-06-03T11:47:06Z" name="setup" finished-at="2022-06-03T11:47:23Z" duration-ms="16905" status="PASS">
          <params>
            <param index="0">
              <value>
                <![CDATA[chrome]]>
              </value>
            </param>
          </params>
          <reporter-output>
          </reporter-output>
        </test-method> <!-- setup -->
        <test-method signature="LoginTest()[pri:0, instance:com.inetbanking.testCases.TC1_LoginTest_001@351d00c0]" started-at="2022-06-03T11:47:23Z" name="LoginTest" finished-at="2022-06-03T11:47:26Z" duration-ms="3604" status="PASS">
          <reporter-output>
          </reporter-output>
        </test-method> <!-- LoginTest -->
        <test-method is-config="true" signature="tearDown()[pri:0, instance:com.inetbanking.testCases.TC1_LoginTest_001@351d00c0]" started-at="2022-06-03T11:47:26Z" name="tearDown" finished-at="2022-06-03T11:47:28Z" duration-ms="1229" status="PASS">
          <reporter-output>
          </reporter-output>
        </test-method> <!-- tearDown -->
      </class> <!-- com.inetbanking.testCases.TC1_LoginTest_001 -->
      <class name="com.inetbanking.testCases.TC_AddCustomerTest_003">
        <test-method is-config="true" signature="setup(java.lang.String)[pri:0, instance:com.inetbanking.testCases.TC_AddCustomerTest_003@2a3b5b47]" started-at="2022-06-03T11:47:28Z" name="setup" finished-at="2022-06-03T11:47:41Z" duration-ms="13403" status="PASS">
          <params>
            <param index="0">
              <value>
                <![CDATA[chrome]]>
              </value>
            </param>
          </params>
          <reporter-output>
          </reporter-output>
        </test-method> <!-- setup -->
        <test-method signature="addNewCustomer()[pri:0, instance:com.inetbanking.testCases.TC_AddCustomerTest_003@2a3b5b47]" started-at="2022-06-03T11:47:41Z" name="addNewCustomer" finished-at="2022-06-03T11:48:05Z" duration-ms="24438" status="PASS">
          <reporter-output>
          </reporter-output>
        </test-method> <!-- addNewCustomer -->
        <test-method is-config="true" signature="tearDown()[pri:0, instance:com.inetbanking.testCases.TC_AddCustomerTest_003@2a3b5b47]" started-at="2022-06-03T11:48:05Z" name="tearDown" finished-at="2022-06-03T11:48:07Z" duration-ms="1889" status="PASS">
          <reporter-output>
          </reporter-output>
        </test-method> <!-- tearDown -->
      </class> <!-- com.inetbanking.testCases.TC_AddCustomerTest_003 -->
    </test> <!-- BankingApp Test -->
  </suite> <!-- InetBankingV1 -->
</testng-results>
