<?xml version="1.0" encoding="UTF-8"?>
<testng-results ignored="0" total="1" passed="1" failed="0" skipped="0">
  <reporter-output>
  </reporter-output>
  <suite started-at="2022-06-03T09:09:56Z" name="InetBankingV1" finished-at="2022-06-03T09:10:31Z" duration-ms="34613">
    <groups>
    </groups>
    <test started-at="2022-06-03T09:09:56Z" name="BankingApp Test" finished-at="2022-06-03T09:10:31Z" duration-ms="34613">
      <class name="com.inetbanking.testCases.TC_AddCustomerTest_003">
        <test-method is-config="true" signature="setup(java.lang.String)[pri:0, instance:com.inetbanking.testCases.TC_AddCustomerTest_003@55f616cf]" started-at="2022-06-03T09:09:56Z" name="setup" finished-at="2022-06-03T09:10:07Z" duration-ms="10693" status="PASS">
          <params>
            <param index="0">
              <value>
                <![CDATA[chrome]]>
              </value>
            </param>
          </params>
          <reporter-output>
          </reporter-output>
        </test-method> <!-- setup -->
        <test-method signature="addNewCustomer()[pri:0, instance:com.inetbanking.testCases.TC_AddCustomerTest_003@55f616cf]" started-at="2022-06-03T09:10:07Z" name="addNewCustomer" finished-at="2022-06-03T09:10:29Z" duration-ms="22175" status="PASS">
          <reporter-output>
          </reporter-output>
        </test-method> <!-- addNewCustomer -->
        <test-method is-config="true" signature="tearDown()[pri:0, instance:com.inetbanking.testCases.TC_AddCustomerTest_003@55f616cf]" started-at="2022-06-03T09:10:30Z" name="tearDown" finished-at="2022-06-03T09:10:31Z" duration-ms="958" status="PASS">
          <reporter-output>
          </reporter-output>
        </test-method> <!-- tearDown -->
      </class> <!-- com.inetbanking.testCases.TC_AddCustomerTest_003 -->
    </test> <!-- BankingApp Test -->
  </suite> <!-- InetBankingV1 -->
</testng-results>
